<?xml version="1.0" encoding="UTF-8"?>
<TestRun id="023f49c6-0b43-4753-887a-f9cc64995c3f" name="luna@LUNA-PC 2013-08-30 05:32:07" runUser="luna-PC\luna" xmlns="http://microsoft.com/schemas/VisualStudio/TeamTest/2010">
  <TestSettings name="本地" id="5abd8ffc-adb6-4483-8932-a30337f65674">
    <Description>这些设置为本地测试运行的默认测试设置。</Description>
    <Deployment enabled="false" runDeploymentRoot="luna_LUNA-PC 2013-08-30 05_32_07">
      <DeploymentItem filename="C:\Users\luna\Documents\Visual Studio 2010\Projects\FileGeneratorService\Demo\Tek4.Highcharts.Exporting\ThirdParty\NPOI.OpenXmlFormats.dll" />
      <DeploymentItem filename="C:\Users\luna\Documents\Visual Studio 2010\Projects\FileGeneratorService\Demo\Tek4.Highcharts.Exporting\ThirdParty\NPOI.dll" />
      <DeploymentItem filename="C:\Users\luna\Documents\Visual Studio 2010\Projects\FileGeneratorService\Demo\Tek4.TestProject\bin\Debug\EPPlus.dll" />
      <DeploymentItem filename="C:\Users\luna\Documents\Visual Studio 2010\Projects\FileGeneratorService\Demo\Tek4.Highcharts.Exporting\ThirdParty\NPOI.OpenXml4Net.dll" />
      <DeploymentItem filename="C:\Users\luna\Documents\Visual Studio 2010\Projects\FileGeneratorService\Demo\Tek4.Highcharts.Exporting\ThirdParty\Svg.dll" />
      <DeploymentItem filename="C:\Users\luna\Documents\Visual Studio 2010\Projects\FileGeneratorService\Demo\Tek4.Highcharts.Exporting\ThirdParty\NPOI.OOXML.dll" />
      <DeploymentItem filename="C:\Users\luna\Documents\Visual Studio 2010\Projects\FileGeneratorService\Demo\Tek4.Highcharts.Exporting\ThirdParty\ICSharpCode.SharpZipLib.dll" />
      <DeploymentItem filename="C:\Users\luna\Documents\Visual Studio 2010\Projects\FileGeneratorService\Demo\Tek4.Highcharts.Exporting\ThirdParty\DocX.dll" />
      <DeploymentItem filename="C:\Users\luna\Documents\Visual Studio 2010\Projects\FileGeneratorService\Demo\Tek4.Highcharts.Exporting\bin\Debug\Tek4.Highcharts.Exporting.dll" />
      <DeploymentItem filename="C:\Users\luna\Documents\Visual Studio 2010\Projects\FileGeneratorService\Demo\Tek4.Highcharts.Exporting\ThirdParty\itextsharp.dll" />
    </Deployment>
    <Execution>
      <TestTypeSpecific />
      <AgentRule name="Execution Agents">
      </AgentRule>
    </Execution>
  </TestSettings>
  <Times creation="2013-08-30T05:32:07.2367970+08:00" queuing="2013-08-30T05:32:07.4868113+08:00" start="2013-08-30T05:32:09.1739078+08:00" finish="2013-08-30T05:32:15.8802914+08:00" />
  <ResultSummary outcome="Inconclusive">
    <Counters total="1" executed="1" error="0" failed="0" timeout="0" aborted="0" inconclusive="1" passedButRunAborted="0" notRunnable="0" notExecuted="0" disconnected="0" warning="0" passed="0" completed="0" inProgress="0" pending="0" />
  </ResultSummary>
  <TestDefinitions>
    <UnitTest name="CreatePowerPointXStreamTest" storage="c:\users\luna\documents\visual studio 2010\projects\filegeneratorservice\demo\tek4.testproject\bin\debug\tek4.testproject.dll" id="7924c09d-0fb2-811a-eb37-3fbf3d392360">
      <Execution id="1cd793dd-faac-4b1b-9ae5-6ff7fbd615c6" />
      <TestMethod codeBase="C:/Users/luna/Documents/Visual Studio 2010/Projects/FileGeneratorService/Demo/Tek4.TestProject/bin/Debug/Tek4.TestProject.DLL" adapterTypeName="Microsoft.VisualStudio.TestTools.TestTypes.Unit.UnitTestAdapter, Microsoft.VisualStudio.QualityTools.Tips.UnitTest.Adapter, Version=10.0.0.0, Culture=neutral, PublicKeyToken=b03f5f7f11d50a3a" className="Tek4.TestProject.MSFileGeneratorTest, Tek4.TestProject, Version=1.0.0.0, Culture=neutral, PublicKeyToken=null" name="CreatePowerPointXStreamTest" />
    </UnitTest>
  </TestDefinitions>
  <TestLists>
    <TestList name="列表中未列出的结果" id="8c84fa94-04c1-424b-9868-57a2d4851a1d" />
    <TestList name="所有已加载的结果" id="19431567-8539-422a-85d7-44ee4e166bda" />
  </TestLists>
  <TestEntries>
    <TestEntry testId="7924c09d-0fb2-811a-eb37-3fbf3d392360" executionId="1cd793dd-faac-4b1b-9ae5-6ff7fbd615c6" testListId="8c84fa94-04c1-424b-9868-57a2d4851a1d" />
  </TestEntries>
  <Results>
    <UnitTestResult executionId="1cd793dd-faac-4b1b-9ae5-6ff7fbd615c6" testId="7924c09d-0fb2-811a-eb37-3fbf3d392360" testName="CreatePowerPointXStreamTest" computerName="LUNA-PC" duration="00:00:01.4331650" startTime="2013-08-30T05:32:09.6289339+08:00" endTime="2013-08-30T05:32:15.6372775+08:00" testType="13cdc9d9-ddb5-4fa4-a97d-d965ccfc6d4b" outcome="Inconclusive" testListId="8c84fa94-04c1-424b-9868-57a2d4851a1d" relativeResultsDirectory="1cd793dd-faac-4b1b-9ae5-6ff7fbd615c6">
      <Output>
        <ErrorInfo>
          <Message>Assert.Inconclusive 失败。无法验证不返回值的方法。</Message>
          <StackTrace>   在 Tek4.TestProject.MSFileGeneratorTest.CreatePowerPointXStreamTest() 位置 C:\Users\luna\Documents\Visual Studio 2010\Projects\FileGeneratorService\Demo\Tek4.TestProject\MSFileGeneratorTest.cs:行号 126
</StackTrace>
        </ErrorInfo>
      </Output>
    </UnitTestResult>
  </Results>
</TestRun>