<?xml version="1.0" encoding="UTF-8"?>
<TestRun id="768c9c1a-b518-4036-a5b7-c826cd7fccb7" name="Wangsong@WANGSONG-PC 2013-08-23 15:11:08" runUser="Wangsong-PC\Wangsong" xmlns="http://microsoft.com/schemas/VisualStudio/TeamTest/2010">
  <TestSettings name="本地" id="5abd8ffc-adb6-4483-8932-a30337f65674">
    <Description>这些设置为本地测试运行的默认测试设置。</Description>
    <Deployment enabled="false" runDeploymentRoot="Wangsong_WANGSONG-PC 2013-08-23 15_11_08">
      <DeploymentItem filename="C:\Users\Wangsong\Documents\Visual Studio 2010\Projects\Highcharts-export-module-asp.net\Tek4.Highcharts.Exporting\ThirdParty\Svg.dll" />
      <DeploymentItem filename="C:\Users\Wangsong\Documents\Visual Studio 2010\Projects\Highcharts-export-module-asp.net\Tek4.Highcharts.Exporting\ThirdParty\NPOI.OpenXmlFormats.dll" />
      <DeploymentItem filename="C:\Users\Wangsong\Documents\Visual Studio 2010\Projects\Highcharts-export-module-asp.net\Tek4.Highcharts.Exporting\ThirdParty\NPOI.dll" />
      <DeploymentItem filename="C:\Users\Wangsong\Documents\Visual Studio 2010\Projects\Highcharts-export-module-asp.net\Tek4.Highcharts.Exporting\ThirdParty\DocX.dll" />
      <DeploymentItem filename="C:\Users\Wangsong\Documents\Visual Studio 2010\Projects\Highcharts-export-module-asp.net\Tek4.Highcharts.Exporting\ThirdParty\ICSharpCode.SharpZipLib.dll" />
      <DeploymentItem filename="C:\Users\Wangsong\Documents\Visual Studio 2010\Projects\Highcharts-export-module-asp.net\Tek4.Highcharts.Exporting\ThirdParty\NPOI.OOXML.dll" />
      <DeploymentItem filename="C:\Users\Wangsong\Documents\Visual Studio 2010\Projects\Highcharts-export-module-asp.net\Tek4.Highcharts.Exporting\bin\Debug\Tek4.Highcharts.Exporting.dll" />
      <DeploymentItem filename="C:\Users\Wangsong\Documents\Visual Studio 2010\Projects\Highcharts-export-module-asp.net\Tek4.Highcharts.Exporting\ThirdParty\NPOI.OpenXml4Net.dll" />
      <DeploymentItem filename="C:\Users\Wangsong\Documents\Visual Studio 2010\Projects\Highcharts-export-module-asp.net\Tek4.Highcharts.Exporting\ThirdParty\itextsharp.dll" />
    </Deployment>
    <Execution>
      <TestTypeSpecific />
      <AgentRule name="Execution Agents">
      </AgentRule>
    </Execution>
  </TestSettings>
  <Times creation="2013-08-23T15:11:08.7848000+08:00" queuing="2013-08-23T15:11:08.7948000+08:00" start="2013-08-23T15:11:08.8028000+08:00" finish="2013-08-23T15:11:09.3588000+08:00" />
  <ResultSummary outcome="Failed">
    <Counters total="1" executed="1" error="0" failed="1" timeout="0" aborted="0" inconclusive="0" passedButRunAborted="0" notRunnable="0" notExecuted="0" disconnected="0" warning="0" passed="0" completed="0" inProgress="0" pending="0" />
  </ResultSummary>
  <TestDefinitions>
    <UnitTest name="CreateDocTest" storage="c:\users\wangsong\documents\visual studio 2010\projects\highcharts-export-module-asp.net\tek4.testproject\bin\debug\tek4.testproject.dll" id="eccb5519-5ec9-107b-1a35-643dac1caf95">
      <Execution id="78c0ca09-eff0-4e35-903f-28289a5a9122" />
      <TestMethod codeBase="C:/Users/Wangsong/Documents/Visual Studio 2010/Projects/Highcharts-export-module-asp.net/Tek4.TestProject/bin/Debug/Tek4.TestProject.DLL" adapterTypeName="Microsoft.VisualStudio.TestTools.TestTypes.Unit.UnitTestAdapter, Microsoft.VisualStudio.QualityTools.Tips.UnitTest.Adapter, Version=10.0.0.0, Culture=neutral, PublicKeyToken=b03f5f7f11d50a3a" className="Tek4.TestProject.MSFileGeneratorTest, Tek4.TestProject, Version=1.0.0.0, Culture=neutral, PublicKeyToken=null" name="CreateDocTest" />
    </UnitTest>
  </TestDefinitions>
  <TestLists>
    <TestList name="列表中未列出的结果" id="8c84fa94-04c1-424b-9868-57a2d4851a1d" />
    <TestList name="所有已加载的结果" id="19431567-8539-422a-85d7-44ee4e166bda" />
  </TestLists>
  <TestEntries>
    <TestEntry testId="eccb5519-5ec9-107b-1a35-643dac1caf95" executionId="78c0ca09-eff0-4e35-903f-28289a5a9122" testListId="8c84fa94-04c1-424b-9868-57a2d4851a1d" />
  </TestEntries>
  <Results>
    <UnitTestResult executionId="78c0ca09-eff0-4e35-903f-28289a5a9122" testId="eccb5519-5ec9-107b-1a35-643dac1caf95" testName="CreateDocTest" computerName="WANGSONG-PC" duration="00:00:00.2593747" startTime="2013-08-23T15:11:08.8118000+08:00" endTime="2013-08-23T15:11:09.2988000+08:00" testType="13cdc9d9-ddb5-4fa4-a97d-d965ccfc6d4b" outcome="Failed" testListId="8c84fa94-04c1-424b-9868-57a2d4851a1d" relativeResultsDirectory="78c0ca09-eff0-4e35-903f-28289a5a9122">
      <Output>
        <ErrorInfo>
          <Message>测试方法 Tek4.TestProject.MSFileGeneratorTest.CreateDocTest 引发了异常: 
System.IO.DirectoryNotFoundException: 未能找到路径“C:\Users\Wangsong\Documents\Visual Studio 2010\Projects\Highcharts-export-module-asp.net\TestResults\Wangsong_WANGSONG-PC 2013-08-23 15_11_08\Out\tmp\identicon.png”的一部分。</Message>
          <StackTrace>    在 System.IO.__Error.WinIOError(Int32 errorCode, String maybeFullPath)
   在 System.IO.FileStream.Init(String path, FileMode mode, FileAccess access, Int32 rights, Boolean useRights, FileShare share, Int32 bufferSize, FileOptions options, SECURITY_ATTRIBUTES secAttrs, String msgPath, Boolean bFromProxy, Boolean useLongPath)
   在 System.IO.FileStream..ctor(String path, FileMode mode, FileAccess access)
   在 Novacode.DocX.AddImage(Object o, String contentType)
   在 Novacode.DocX.AddImage(String filename)
   在 Tek4.Highcharts.Exporting.MSFileGenerator.CreateDoc() 位置 C:\Users\Wangsong\Documents\Visual Studio 2010\Projects\Highcharts-export-module-asp.net\Tek4.Highcharts.Exporting\MSFileGenerator.cs:行号 17
   在 Tek4.TestProject.MSFileGeneratorTest.CreateDocTest() 位置 C:\Users\Wangsong\Documents\Visual Studio 2010\Projects\Highcharts-export-module-asp.net\Tek4.TestProject\MSFileGeneratorTest.cs:行号 74
</StackTrace>
        </ErrorInfo>
      </Output>
    </UnitTestResult>
  </Results>
</TestRun>