<?xml version="1.0" encoding="UTF-8"?>
<TestRun id="4990223e-038a-4d3f-aed0-74181840ede4" name="Wangsong@WANGSONG-PC 2013-08-23 15:21:17" runUser="Wangsong-PC\Wangsong" xmlns="http://microsoft.com/schemas/VisualStudio/TeamTest/2010">
  <TestSettings name="本地" id="5abd8ffc-adb6-4483-8932-a30337f65674">
    <Description>这些设置为本地测试运行的默认测试设置。</Description>
    <Deployment enabled="false" runDeploymentRoot="Wangsong_WANGSONG-PC 2013-08-23 15_21_17">
      <DeploymentItem filename="C:\Users\Wangsong\Documents\Visual Studio 2010\Projects\Highcharts-export-module-asp.net\Tek4.Highcharts.Exporting\ThirdParty\Svg.dll" />
      <DeploymentItem filename="C:\Users\Wangsong\Documents\Visual Studio 2010\Projects\Highcharts-export-module-asp.net\Tek4.Highcharts.Exporting\ThirdParty\NPOI.OpenXmlFormats.dll" />
      <DeploymentItem filename="C:\Users\Wangsong\Documents\Visual Studio 2010\Projects\Highcharts-export-module-asp.net\Tek4.Highcharts.Exporting\ThirdParty\NPOI.dll" />
      <DeploymentItem filename="C:\Users\Wangsong\Documents\Visual Studio 2010\Projects\Highcharts-export-module-asp.net\Tek4.Highcharts.Exporting\ThirdParty\DocX.dll" />
      <DeploymentItem filename="C:\Users\Wangsong\Documents\Visual Studio 2010\Projects\Highcharts-export-module-asp.net\Tek4.Highcharts.Exporting\ThirdParty\ICSharpCode.SharpZipLib.dll" />
      <DeploymentItem filename="C:\Users\Wangsong\Documents\Visual Studio 2010\Projects\Highcharts-export-module-asp.net\Tek4.Highcharts.Exporting\ThirdParty\NPOI.OOXML.dll" />
      <DeploymentItem filename="C:\Users\Wangsong\Documents\Visual Studio 2010\Projects\Highcharts-export-module-asp.net\Tek4.Highcharts.Exporting\bin\Debug\Tek4.Highcharts.Exporting.dll" />
      <DeploymentItem filename="C:\Users\Wangsong\Documents\Visual Studio 2010\Projects\Highcharts-export-module-asp.net\Tek4.Highcharts.Exporting\ThirdParty\NPOI.OpenXml4Net.dll" />
      <DeploymentItem filename="C:\Users\Wangsong\Documents\Visual Studio 2010\Projects\Highcharts-export-module-asp.net\Tek4.Highcharts.Exporting\ThirdParty\itextsharp.dll" />
    </Deployment>
    <Execution>
      <TestTypeSpecific />
      <AgentRule name="Execution Agents">
      </AgentRule>
    </Execution>
  </TestSettings>
  <Times creation="2013-08-23T15:21:17.5878000+08:00" queuing="2013-08-23T15:21:17.6008000+08:00" start="2013-08-23T15:21:17.6058000+08:00" finish="2013-08-23T15:21:17.9738000+08:00" />
  <ResultSummary outcome="Failed">
    <Counters total="1" executed="1" error="0" failed="1" timeout="0" aborted="0" inconclusive="0" passedButRunAborted="0" notRunnable="0" notExecuted="0" disconnected="0" warning="0" passed="0" completed="0" inProgress="0" pending="0" />
  </ResultSummary>
  <TestDefinitions>
    <UnitTest name="CreateDocTest" storage="c:\users\wangsong\documents\visual studio 2010\projects\highcharts-export-module-asp.net\tek4.testproject\bin\debug\tek4.testproject.dll" id="eccb5519-5ec9-107b-1a35-643dac1caf95">
      <Execution id="18fd2ec6-0de1-4bac-a78e-43a4f5cc02b0" />
      <TestMethod codeBase="C:/Users/Wangsong/Documents/Visual Studio 2010/Projects/Highcharts-export-module-asp.net/Tek4.TestProject/bin/Debug/Tek4.TestProject.DLL" adapterTypeName="Microsoft.VisualStudio.TestTools.TestTypes.Unit.UnitTestAdapter, Microsoft.VisualStudio.QualityTools.Tips.UnitTest.Adapter, Version=10.0.0.0, Culture=neutral, PublicKeyToken=b03f5f7f11d50a3a" className="Tek4.TestProject.MSFileGeneratorTest, Tek4.TestProject, Version=1.0.0.0, Culture=neutral, PublicKeyToken=null" name="CreateDocTest" />
    </UnitTest>
  </TestDefinitions>
  <TestLists>
    <TestList name="列表中未列出的结果" id="8c84fa94-04c1-424b-9868-57a2d4851a1d" />
    <TestList name="所有已加载的结果" id="19431567-8539-422a-85d7-44ee4e166bda" />
  </TestLists>
  <TestEntries>
    <TestEntry testId="eccb5519-5ec9-107b-1a35-643dac1caf95" executionId="18fd2ec6-0de1-4bac-a78e-43a4f5cc02b0" testListId="8c84fa94-04c1-424b-9868-57a2d4851a1d" />
  </TestEntries>
  <Results>
    <UnitTestResult executionId="18fd2ec6-0de1-4bac-a78e-43a4f5cc02b0" testId="eccb5519-5ec9-107b-1a35-643dac1caf95" testName="CreateDocTest" computerName="WANGSONG-PC" duration="00:00:00.1201144" startTime="2013-08-23T15:21:17.6418000+08:00" endTime="2013-08-23T15:21:17.9528000+08:00" testType="13cdc9d9-ddb5-4fa4-a97d-d965ccfc6d4b" outcome="Failed" testListId="8c84fa94-04c1-424b-9868-57a2d4851a1d" relativeResultsDirectory="18fd2ec6-0de1-4bac-a78e-43a4f5cc02b0">
      <Output>
        <ErrorInfo>
          <Message>测试方法 Tek4.TestProject.MSFileGeneratorTest.CreateDocTest 引发了异常: 
System.ArgumentException: 参数无效。</Message>
          <StackTrace>    在 System.Drawing.Image.FromStream(Stream stream, Boolean useEmbeddedColorManagement, Boolean validateImageData)
   在 System.Drawing.Image.FromStream(Stream stream)
   在 Novacode.Paragraph.CreatePicture(DocX document, String id, String name, String descr)
   在 Novacode.Image.CreatePicture()
   在 Tek4.Highcharts.Exporting.MSFileGenerator.CreateDoc() 位置 C:\Users\Wangsong\Documents\Visual Studio 2010\Projects\Highcharts-export-module-asp.net\Tek4.Highcharts.Exporting\MSFileGenerator.cs:行号 27
   在 Tek4.TestProject.MSFileGeneratorTest.CreateDocTest() 位置 C:\Users\Wangsong\Documents\Visual Studio 2010\Projects\Highcharts-export-module-asp.net\Tek4.TestProject\MSFileGeneratorTest.cs:行号 74
</StackTrace>
        </ErrorInfo>
      </Output>
    </UnitTestResult>
  </Results>
</TestRun>