<?xml version="1.0" encoding="UTF-8"?>
<TestRun id="a719bb53-097b-45e2-9863-33260a3ffd2d" name="Wangsong@WANGSONG-PC 2013-08-27 12:11:49" runUser="Wangsong-PC\Wangsong" xmlns="http://microsoft.com/schemas/VisualStudio/TeamTest/2010">
  <TestSettings name="本地" id="5abd8ffc-adb6-4483-8932-a30337f65674">
    <Description>这些设置为本地测试运行的默认测试设置。</Description>
    <Deployment enabled="false" runDeploymentRoot="Wangsong_WANGSONG-PC 2013-08-27 12_11_49">
      <DeploymentItem filename="C:\Users\Wangsong\Documents\Visual Studio 2010\Projects\FileGeneratorService\Demo\Tek4.Highcharts.Exporting\ThirdParty\ICSharpCode.SharpZipLib.dll" />
      <DeploymentItem filename="C:\Users\Wangsong\Documents\Visual Studio 2010\Projects\FileGeneratorService\Demo\Tek4.Highcharts.Exporting\ThirdParty\DocX.dll" />
      <DeploymentItem filename="C:\Users\Wangsong\Documents\Visual Studio 2010\Projects\FileGeneratorService\Demo\Tek4.Highcharts.Exporting\ThirdParty\NPOI.OOXML.dll" />
      <DeploymentItem filename="C:\Users\Wangsong\Documents\Visual Studio 2010\Projects\FileGeneratorService\Demo\Tek4.Highcharts.Exporting\ThirdParty\NPOI.OpenXml4Net.dll" />
      <DeploymentItem filename="C:\Users\Wangsong\Documents\Visual Studio 2010\Projects\FileGeneratorService\Demo\Tek4.Highcharts.Exporting\ThirdParty\itextsharp.dll" />
      <DeploymentItem filename="C:\Users\Wangsong\Documents\Visual Studio 2010\Projects\FileGeneratorService\Demo\Tek4.Highcharts.Exporting\ThirdParty\NPOI.dll" />
      <DeploymentItem filename="C:\Users\Wangsong\Documents\Visual Studio 2010\Projects\FileGeneratorService\Demo\Tek4.Highcharts.Exporting\ThirdParty\NPOI.OpenXmlFormats.dll" />
      <DeploymentItem filename="C:\Users\Wangsong\Documents\Visual Studio 2010\Projects\FileGeneratorService\Demo\Tek4.Highcharts.Exporting\ThirdParty\Svg.dll" />
      <DeploymentItem filename="C:\Users\Wangsong\Documents\Visual Studio 2010\Projects\FileGeneratorService\Demo\Tek4.Highcharts.Exporting\bin\Debug\Tek4.Highcharts.Exporting.dll" />
    </Deployment>
    <Execution>
      <TestTypeSpecific />
      <AgentRule name="Execution Agents">
      </AgentRule>
    </Execution>
  </TestSettings>
  <Times creation="2013-08-27T12:11:49.5465000+08:00" queuing="2013-08-27T12:11:54.9725000+08:00" start="2013-08-27T12:12:05.9985000+08:00" finish="2013-08-27T12:12:10.4175000+08:00" />
  <ResultSummary outcome="Failed">
    <Counters total="1" executed="1" error="0" failed="1" timeout="0" aborted="0" inconclusive="0" passedButRunAborted="0" notRunnable="0" notExecuted="0" disconnected="0" warning="0" passed="0" completed="0" inProgress="0" pending="0" />
  </ResultSummary>
  <TestDefinitions>
    <UnitTest name="CreateExcelXStreamTest" storage="c:\users\wangsong\documents\visual studio 2010\projects\filegeneratorservice\demo\tek4.testproject\bin\debug\tek4.testproject.dll" id="73f003e6-8db6-912f-2794-5aae9a012ff5">
      <Execution id="c89b530e-f87d-4c65-8066-41f731d4f198" />
      <TestMethod codeBase="C:/Users/Wangsong/Documents/Visual Studio 2010/Projects/FileGeneratorService/Demo/Tek4.TestProject/bin/Debug/Tek4.TestProject.DLL" adapterTypeName="Microsoft.VisualStudio.TestTools.TestTypes.Unit.UnitTestAdapter, Microsoft.VisualStudio.QualityTools.Tips.UnitTest.Adapter, Version=10.0.0.0, Culture=neutral, PublicKeyToken=b03f5f7f11d50a3a" className="Tek4.TestProject.MSFileGeneratorTest, Tek4.TestProject, Version=1.0.0.0, Culture=neutral, PublicKeyToken=null" name="CreateExcelXStreamTest" />
    </UnitTest>
  </TestDefinitions>
  <TestLists>
    <TestList name="列表中未列出的结果" id="8c84fa94-04c1-424b-9868-57a2d4851a1d" />
    <TestList name="所有已加载的结果" id="19431567-8539-422a-85d7-44ee4e166bda" />
  </TestLists>
  <TestEntries>
    <TestEntry testId="73f003e6-8db6-912f-2794-5aae9a012ff5" executionId="c89b530e-f87d-4c65-8066-41f731d4f198" testListId="8c84fa94-04c1-424b-9868-57a2d4851a1d" />
  </TestEntries>
  <Results>
    <UnitTestResult executionId="c89b530e-f87d-4c65-8066-41f731d4f198" testId="73f003e6-8db6-912f-2794-5aae9a012ff5" testName="CreateExcelXStreamTest" computerName="WANGSONG-PC" duration="00:00:03.4282864" startTime="2013-08-27T12:12:06.1085000+08:00" endTime="2013-08-27T12:12:10.0245000+08:00" testType="13cdc9d9-ddb5-4fa4-a97d-d965ccfc6d4b" outcome="Failed" testListId="8c84fa94-04c1-424b-9868-57a2d4851a1d" relativeResultsDirectory="c89b530e-f87d-4c65-8066-41f731d4f198">
      <Output>
        <StdOut>NPOI.XSSF.Model.SharedStringsTable
NPOI.XSSF.Model.StylesTable
NPOI.XSSF.UserModel.XSSFPictureData
NPOI.XSSF.UserModel.XSSFPictureData
NPOI.XSSF.UserModel.XSSFSheet
NPOI.XSSF.UserModel.XSSFDrawing</StdOut>
        <ErrorInfo>
          <Message>测试方法 Tek4.TestProject.MSFileGeneratorTest.CreateExcelXStreamTest 引发了异常: 
System.ArgumentNullException: 值不能为 null。
参数名: baseOutputStream</Message>
          <StackTrace>    在 ICSharpCode.SharpZipLib.Zip.Compression.Streams.DeflaterOutputStream..ctor(Stream baseOutputStream, Deflater deflater, Int32 bufferSize)
   在 ICSharpCode.SharpZipLib.Zip.ZipOutputStream..ctor(Stream baseOutputStream)
   在 NPOI.OpenXml4Net.OPC.ZipPackage.SaveImpl(Stream outputStream)
   在 NPOI.POIXMLDocument.Write(Stream stream)
   在 Tek4.Highcharts.Exporting.MSFileGenerator.CreateExcelXStream(List`1 svgDocs, Stream stream) 位置 C:\Users\Wangsong\Documents\Visual Studio 2010\Projects\FileGeneratorService\Demo\Tek4.Highcharts.Exporting\MSFileGenerator.cs:行号 89
   在 Tek4.TestProject.MSFileGeneratorTest.CreateExcelXStreamTest() 位置 C:\Users\Wangsong\Documents\Visual Studio 2010\Projects\FileGeneratorService\Demo\Tek4.TestProject\MSFileGeneratorTest.cs:行号 98
</StackTrace>
        </ErrorInfo>
      </Output>
    </UnitTestResult>
  </Results>
</TestRun>